<?xml version="1.0" encoding="UTF-8"?>
<testsuite name="com.mindex.challenge.service.impl.ReportsServiceImplTest" tests="1" skipped="0" failures="0" errors="0" timestamp="2021-11-12T01:08:48" hostname="DESKTOP-C2VDM0B" time="0.583">
  <properties/>
  <testcase name="testCreateReadUpdate" classname="com.mindex.challenge.service.impl.ReportsServiceImplTest" time="0.583"/>
  <system-out><![CDATA[20:08:44.665 [Test worker] DEBUG org.springframework.test.context.junit4.SpringJUnit4ClassRunner - SpringJUnit4ClassRunner constructor called with [class com.mindex.challenge.service.impl.ReportsServiceImplTest]
20:08:44.672 [Test worker] DEBUG org.springframework.test.context.BootstrapUtils - Instantiating CacheAwareContextLoaderDelegate from class [org.springframework.test.context.cache.DefaultCacheAwareContextLoaderDelegate]
20:08:44.680 [Test worker] DEBUG org.springframework.test.context.BootstrapUtils - Instantiating BootstrapContext using constructor [public org.springframework.test.context.support.DefaultBootstrapContext(java.lang.Class,org.springframework.test.context.CacheAwareContextLoaderDelegate)]
20:08:44.715 [Test worker] DEBUG org.springframework.test.context.BootstrapUtils - Instantiating TestContextBootstrapper for test class [com.mindex.challenge.service.impl.ReportsServiceImplTest] from class [org.springframework.boot.test.context.SpringBootTestContextBootstrapper]
20:08:44.731 [Test worker] INFO org.springframework.boot.test.context.SpringBootTestContextBootstrapper - Neither @ContextConfiguration nor @ContextHierarchy found for test class [com.mindex.challenge.service.impl.ReportsServiceImplTest], using SpringBootContextLoader
20:08:44.735 [Test worker] DEBUG org.springframework.test.context.support.AbstractContextLoader - Did not detect default resource location for test class [com.mindex.challenge.service.impl.ReportsServiceImplTest]: class path resource [com/mindex/challenge/service/impl/ReportsServiceImplTest-context.xml] does not exist
20:08:44.736 [Test worker] DEBUG org.springframework.test.context.support.AbstractContextLoader - Did not detect default resource location for test class [com.mindex.challenge.service.impl.ReportsServiceImplTest]: class path resource [com/mindex/challenge/service/impl/ReportsServiceImplTestContext.groovy] does not exist
20:08:44.737 [Test worker] INFO org.springframework.test.context.support.AbstractContextLoader - Could not detect default resource locations for test class [com.mindex.challenge.service.impl.ReportsServiceImplTest]: no resource found for suffixes {-context.xml, Context.groovy}.
20:08:44.737 [Test worker] INFO org.springframework.test.context.support.AnnotationConfigContextLoaderUtils - Could not detect default configuration classes for test class [com.mindex.challenge.service.impl.ReportsServiceImplTest]: ReportsServiceImplTest does not declare any static, non-private, non-final, nested classes annotated with @Configuration.
20:08:44.782 [Test worker] DEBUG org.springframework.test.context.support.ActiveProfilesUtils - Could not find an 'annotation declaring class' for annotation type [org.springframework.test.context.ActiveProfiles] and class [com.mindex.challenge.service.impl.ReportsServiceImplTest]
20:08:44.887 [Test worker] DEBUG org.springframework.context.annotation.ClassPathScanningCandidateComponentProvider - Identified candidate component class: file [C:\Users\mpalu\Documents\Mindex\mindex-java-code-challenge\mindex-java-code-challenge\build\classes\java\main\com\mindex\challenge\ChallengeApplication.class]
20:08:44.891 [Test worker] INFO org.springframework.boot.test.context.SpringBootTestContextBootstrapper - Found @SpringBootConfiguration com.mindex.challenge.ChallengeApplication for test class com.mindex.challenge.service.impl.ReportsServiceImplTest
20:08:44.991 [Test worker] DEBUG org.springframework.boot.test.context.SpringBootTestContextBootstrapper - @TestExecutionListeners is not present for class [com.mindex.challenge.service.impl.ReportsServiceImplTest]: using defaults.
20:08:44.992 [Test worker] INFO org.springframework.boot.test.context.SpringBootTestContextBootstrapper - Loaded default TestExecutionListener class names from location [META-INF/spring.factories]: [org.springframework.boot.test.autoconfigure.restdocs.RestDocsTestExecutionListener, org.springframework.boot.test.autoconfigure.web.client.MockRestServiceServerResetTestExecutionListener, org.springframework.boot.test.autoconfigure.web.servlet.MockMvcPrintOnlyOnFailureTestExecutionListener, org.springframework.boot.test.autoconfigure.web.servlet.WebDriverTestExecutionListener, org.springframework.boot.test.mock.mockito.MockitoTestExecutionListener, org.springframework.boot.test.mock.mockito.ResetMocksTestExecutionListener, org.springframework.test.context.web.ServletTestExecutionListener, org.springframework.test.context.support.DirtiesContextBeforeModesTestExecutionListener, org.springframework.test.context.support.DependencyInjectionTestExecutionListener, org.springframework.test.context.support.DirtiesContextTestExecutionListener, org.springframework.test.context.transaction.TransactionalTestExecutionListener, org.springframework.test.context.jdbc.SqlScriptsTestExecutionListener, org.springframework.test.context.event.EventPublishingTestExecutionListener]
20:08:45.010 [Test worker] INFO org.springframework.boot.test.context.SpringBootTestContextBootstrapper - Using TestExecutionListeners: [org.springframework.test.context.web.ServletTestExecutionListener@6a963fb5, org.springframework.test.context.support.DirtiesContextBeforeModesTestExecutionListener@2f74e56d, org.springframework.boot.test.mock.mockito.MockitoTestExecutionListener@3cb23e44, org.springframework.boot.test.autoconfigure.SpringBootDependencyInjectionTestExecutionListener@37c861ae, org.springframework.test.context.support.DirtiesContextTestExecutionListener@6cf89b75, org.springframework.test.context.transaction.TransactionalTestExecutionListener@64af440a, org.springframework.test.context.jdbc.SqlScriptsTestExecutionListener@494216c5, org.springframework.test.context.event.EventPublishingTestExecutionListener@3df3db52, org.springframework.boot.test.autoconfigure.restdocs.RestDocsTestExecutionListener@1578dcaa, org.springframework.boot.test.autoconfigure.web.client.MockRestServiceServerResetTestExecutionListener@be9451b, org.springframework.boot.test.autoconfigure.web.servlet.MockMvcPrintOnlyOnFailureTestExecutionListener@52c48e9d, org.springframework.boot.test.autoconfigure.web.servlet.WebDriverTestExecutionListener@71cef6dc, org.springframework.boot.test.mock.mockito.ResetMocksTestExecutionListener@2280f9c3]
20:08:45.014 [Test worker] DEBUG org.springframework.test.annotation.ProfileValueUtils - Retrieved @ProfileValueSourceConfiguration [null] for test class [com.mindex.challenge.service.impl.ReportsServiceImplTest]
20:08:45.016 [Test worker] DEBUG org.springframework.test.annotation.ProfileValueUtils - Retrieved ProfileValueSource type [class org.springframework.test.annotation.SystemProfileValueSource] for class [com.mindex.challenge.service.impl.ReportsServiceImplTest]
20:08:45.022 [Test worker] DEBUG org.springframework.test.annotation.ProfileValueUtils - Retrieved @ProfileValueSourceConfiguration [null] for test class [com.mindex.challenge.service.impl.ReportsServiceImplTest]
20:08:45.023 [Test worker] DEBUG org.springframework.test.annotation.ProfileValueUtils - Retrieved ProfileValueSource type [class org.springframework.test.annotation.SystemProfileValueSource] for class [com.mindex.challenge.service.impl.ReportsServiceImplTest]
20:08:45.024 [Test worker] DEBUG org.springframework.test.annotation.ProfileValueUtils - Retrieved @ProfileValueSourceConfiguration [null] for test class [com.mindex.challenge.service.impl.ReportsServiceImplTest]
20:08:45.024 [Test worker] DEBUG org.springframework.test.annotation.ProfileValueUtils - Retrieved ProfileValueSource type [class org.springframework.test.annotation.SystemProfileValueSource] for class [com.mindex.challenge.service.impl.ReportsServiceImplTest]
20:08:45.030 [Test worker] DEBUG org.springframework.test.context.support.AbstractDirtiesContextTestExecutionListener - Before test class: context [DefaultTestContext@461223e0 testClass = ReportsServiceImplTest, testInstance = [null], testMethod = [null], testException = [null], mergedContextConfiguration = [WebMergedContextConfiguration@14a839aa testClass = ReportsServiceImplTest, locations = '{}', classes = '{class com.mindex.challenge.ChallengeApplication}', contextInitializerClasses = '[]', activeProfiles = '{}', propertySourceLocations = '{}', propertySourceProperties = '{org.springframework.boot.test.context.SpringBootTestContextBootstrapper=true, server.port=0}', contextCustomizers = set[org.springframework.boot.test.autoconfigure.properties.PropertyMappingContextCustomizer@0, org.springframework.boot.test.autoconfigure.web.servlet.WebDriverContextCustomizerFactory$Customizer@383d2583, org.springframework.boot.test.context.filter.ExcludeFilterContextCustomizer@5285e52e, org.springframework.boot.test.json.DuplicateJsonObjectContextCustomizerFactory$DuplicateJsonObjectContextCustomizer@604dc177, org.springframework.boot.test.mock.mockito.MockitoContextCustomizer@0, org.springframework.boot.test.web.client.TestRestTemplateContextCustomizer@750df0fe], resourceBasePath = 'src/main/webapp', contextLoader = 'org.springframework.boot.test.context.SpringBootContextLoader', parent = [null]], attributes = map['org.springframework.test.context.web.ServletTestExecutionListener.activateListener' -> false]], class annotated with @DirtiesContext [false] with mode [null].
20:08:45.033 [Test worker] DEBUG org.springframework.test.annotation.ProfileValueUtils - Retrieved @ProfileValueSourceConfiguration [null] for test class [com.mindex.challenge.service.impl.ReportsServiceImplTest]
20:08:45.033 [Test worker] DEBUG org.springframework.test.annotation.ProfileValueUtils - Retrieved ProfileValueSource type [class org.springframework.test.annotation.SystemProfileValueSource] for class [com.mindex.challenge.service.impl.ReportsServiceImplTest]
20:08:45.040 [Test worker] DEBUG org.springframework.test.context.support.DependencyInjectionTestExecutionListener - Performing dependency injection for test context [[DefaultTestContext@461223e0 testClass = ReportsServiceImplTest, testInstance = com.mindex.challenge.service.impl.ReportsServiceImplTest@37c70cbe, testMethod = [null], testException = [null], mergedContextConfiguration = [WebMergedContextConfiguration@14a839aa testClass = ReportsServiceImplTest, locations = '{}', classes = '{class com.mindex.challenge.ChallengeApplication}', contextInitializerClasses = '[]', activeProfiles = '{}', propertySourceLocations = '{}', propertySourceProperties = '{org.springframework.boot.test.context.SpringBootTestContextBootstrapper=true, server.port=0}', contextCustomizers = set[org.springframework.boot.test.autoconfigure.properties.PropertyMappingContextCustomizer@0, org.springframework.boot.test.autoconfigure.web.servlet.WebDriverContextCustomizerFactory$Customizer@383d2583, org.springframework.boot.test.context.filter.ExcludeFilterContextCustomizer@5285e52e, org.springframework.boot.test.json.DuplicateJsonObjectContextCustomizerFactory$DuplicateJsonObjectContextCustomizer@604dc177, org.springframework.boot.test.mock.mockito.MockitoContextCustomizer@0, org.springframework.boot.test.web.client.TestRestTemplateContextCustomizer@750df0fe], resourceBasePath = 'src/main/webapp', contextLoader = 'org.springframework.boot.test.context.SpringBootContextLoader', parent = [null]], attributes = map['org.springframework.test.context.web.ServletTestExecutionListener.activateListener' -> false]]].
20:08:45.064 [Test worker] DEBUG org.springframework.test.context.support.TestPropertySourceUtils - Adding inlined properties to environment: {spring.jmx.enabled=false, org.springframework.boot.test.context.SpringBootTestContextBootstrapper=true, server.port=0}

  .   ____          _            __ _ _
 /\\ / ___'_ __ _ _(_)_ __  __ _ \ \ \ \
( ( )\___ | '_ | '_| | '_ \/ _` | \ \ \ \
 \\/  ___)| |_)| | | | | || (_| |  ) ) ) )
  '  |____| .__|_| |_|_| |_\__, | / / / /
 =========|_|==============|___/=/_/_/_/
 :: Spring Boot ::        (v2.2.0.RELEASE)

2021-11-11 20:08:45.404  INFO 24380 --- [    Test worker] c.m.c.s.impl.ReportsServiceImplTest      : Starting ReportsServiceImplTest on DESKTOP-C2VDM0B with PID 24380 (started by mpalu in C:\Users\mpalu\Documents\Mindex\mindex-java-code-challenge\mindex-java-code-challenge)
2021-11-11 20:08:45.405 DEBUG 24380 --- [    Test worker] c.m.c.s.impl.ReportsServiceImplTest      : Running with Spring Boot v2.2.0.RELEASE, Spring v5.2.0.RELEASE
2021-11-11 20:08:45.406  INFO 24380 --- [    Test worker] c.m.c.s.impl.ReportsServiceImplTest      : No active profile set, falling back to default profiles: default
2021-11-11 20:08:45.940  INFO 24380 --- [    Test worker] .s.d.r.c.RepositoryConfigurationDelegate : Bootstrapping Spring Data repositories in DEFAULT mode.
2021-11-11 20:08:45.995  INFO 24380 --- [    Test worker] .s.d.r.c.RepositoryConfigurationDelegate : Finished Spring Data repository scanning in 49ms. Found 2 repository interfaces.
2021-11-11 20:08:46.708  INFO 24380 --- [    Test worker] o.s.b.w.embedded.tomcat.TomcatWebServer  : Tomcat initialized with port(s): 0 (http)
2021-11-11 20:08:46.719  INFO 24380 --- [    Test worker] o.apache.catalina.core.StandardService   : Starting service [Tomcat]
2021-11-11 20:08:46.719  INFO 24380 --- [    Test worker] org.apache.catalina.core.StandardEngine  : Starting Servlet engine: [Apache Tomcat/9.0.27]
2021-11-11 20:08:46.854  INFO 24380 --- [    Test worker] o.a.c.c.C.[Tomcat].[localhost].[/]       : Initializing Spring embedded WebApplicationContext
2021-11-11 20:08:46.854  INFO 24380 --- [    Test worker] o.s.web.context.ContextLoader            : Root WebApplicationContext: initialization completed in 1423 ms
2021-11-11 20:08:47.481  INFO 24380 --- [    Test worker] de.bwaldvogel.mongo.MongoServer          : started MongoServer(port: 57135, ssl: false)
2021-11-11 20:08:47.566  INFO 24380 --- [    Test worker] org.mongodb.driver.cluster               : Cluster created with settings {hosts=[127.0.0.1:57135], mode=SINGLE, requiredClusterType=UNKNOWN, serverSelectionTimeout='30000 ms', maxWaitQueueSize=500}
2021-11-11 20:08:47.632  INFO 24380 --- [-server-worker1] d.b.mongo.wire.MongoWireProtocolHandler  : client [id: 0x645fe90c, L:/127.0.0.1:57135 - R:/127.0.0.1:57136] connected
2021-11-11 20:08:47.700  INFO 24380 --- [127.0.0.1:57135] org.mongodb.driver.connection            : Opened connection [connectionId{localValue:1}] to 127.0.0.1:57135
2021-11-11 20:08:47.705  INFO 24380 --- [127.0.0.1:57135] org.mongodb.driver.cluster               : Monitor thread successfully connected to server with description ServerDescription{address=127.0.0.1:57135, type=STANDALONE, state=CONNECTED, ok=true, version=ServerVersion{versionList=[3, 0, 0]}, minWireVersion=0, maxWireVersion=2, maxDocumentSize=16777216, logicalSessionTimeoutMinutes=null, roundTripTimeNanos=2246800}
2021-11-11 20:08:47.712  WARN 24380 --- [    Test worker] o.s.data.convert.CustomConversions       : Registering converter from class java.time.LocalDateTime to class java.time.Instant as reading converter although it doesn't convert from a store-supported type! You might wanna check you annotation setup at the converter implementation.
2021-11-11 20:08:47.712  WARN 24380 --- [    Test worker] o.s.data.convert.CustomConversions       : Registering converter from class java.time.Instant to class java.time.LocalDateTime as reading converter although it doesn't convert from a store-supported type! You might wanna check you annotation setup at the converter implementation.
2021-11-11 20:08:47.719  WARN 24380 --- [    Test worker] o.s.data.convert.CustomConversions       : Registering converter from class java.time.LocalDateTime to class java.time.Instant as reading converter although it doesn't convert from a store-supported type! You might wanna check you annotation setup at the converter implementation.
2021-11-11 20:08:47.719  WARN 24380 --- [    Test worker] o.s.data.convert.CustomConversions       : Registering converter from class java.time.Instant to class java.time.LocalDateTime as reading converter although it doesn't convert from a store-supported type! You might wanna check you annotation setup at the converter implementation.
2021-11-11 20:08:48.145  INFO 24380 --- [-server-worker2] d.b.mongo.wire.MongoWireProtocolHandler  : client [id: 0xc44f6d84, L:/127.0.0.1:57135 - R:/127.0.0.1:57137] connected
2021-11-11 20:08:48.154  INFO 24380 --- [    Test worker] org.mongodb.driver.connection            : Opened connection [connectionId{localValue:2}] to 127.0.0.1:57135
2021-11-11 20:08:48.178  INFO 24380 --- [-server-worker2] d.b.mongo.backend.AbstractMongoBackend   : created database test
2021-11-11 20:08:48.190  INFO 24380 --- [-server-worker2] d.b.mongo.backend.AbstractMongoDatabase  : adding unique _id index for collection employee
2021-11-11 20:08:48.191  INFO 24380 --- [-server-worker2] d.b.mongo.backend.AbstractMongoDatabase  : created collection test.employee
2021-11-11 20:08:48.440  INFO 24380 --- [    Test worker] o.s.s.concurrent.ThreadPoolTaskExecutor  : Initializing ExecutorService 'applicationTaskExecutor'
2021-11-11 20:08:48.655  WARN 24380 --- [    Test worker] o.s.data.convert.CustomConversions       : Registering converter from class java.time.LocalDateTime to class java.time.Instant as reading converter although it doesn't convert from a store-supported type! You might wanna check you annotation setup at the converter implementation.
2021-11-11 20:08:48.655  WARN 24380 --- [    Test worker] o.s.data.convert.CustomConversions       : Registering converter from class java.time.Instant to class java.time.LocalDateTime as reading converter although it doesn't convert from a store-supported type! You might wanna check you annotation setup at the converter implementation.
2021-11-11 20:08:48.689  WARN 24380 --- [    Test worker] o.s.data.convert.CustomConversions       : Registering converter from class java.time.LocalDateTime to class java.time.Instant as reading converter although it doesn't convert from a store-supported type! You might wanna check you annotation setup at the converter implementation.
2021-11-11 20:08:48.689  WARN 24380 --- [    Test worker] o.s.data.convert.CustomConversions       : Registering converter from class java.time.Instant to class java.time.LocalDateTime as reading converter although it doesn't convert from a store-supported type! You might wanna check you annotation setup at the converter implementation.
2021-11-11 20:08:48.806  INFO 24380 --- [    Test worker] o.s.b.w.embedded.tomcat.TomcatWebServer  : Tomcat started on port(s): 57138 (http) with context path ''
2021-11-11 20:08:48.809  INFO 24380 --- [    Test worker] c.m.c.s.impl.ReportsServiceImplTest      : Started ReportsServiceImplTest in 3.74 seconds (JVM running for 4.857)
2021-11-11 20:08:49.253  INFO 24380 --- [o-auto-1-exec-1] o.a.c.c.C.[Tomcat].[localhost].[/]       : Initializing Spring DispatcherServlet 'dispatcherServlet'
2021-11-11 20:08:49.253  INFO 24380 --- [o-auto-1-exec-1] o.s.web.servlet.DispatcherServlet        : Initializing Servlet 'dispatcherServlet'
2021-11-11 20:08:49.276  INFO 24380 --- [o-auto-1-exec-1] o.s.web.servlet.DispatcherServlet        : Completed initialization in 23 ms
2021-11-11 20:08:49.315 DEBUG 24380 --- [o-auto-1-exec-1] c.m.c.controller.ReportsController       : Received employee create request for id [16a596ae-edd3-4847-99fe-c4518e82c86f]
2021-11-11 20:08:49.315 DEBUG 24380 --- [o-auto-1-exec-1] c.m.c.service.impl.EmployeeServiceImpl   : Creating employee report with id [16a596ae-edd3-4847-99fe-c4518e82c86f]
]]></system-out>
  <system-err><![CDATA[]]></system-err>
</testsuite>
